[DEBUG][21-11-04][druid.sql.Connection]{conn-10001,procId-1597} connected
[DEBUG][21-11-04][druid.sql.Connection]{conn-10001} pool-connect
[DEBUG][21-11-04][druid.sql.Statement]{conn-10001, pstmt-20000} created. select *
        from myblog.t_user
        where username = ?;
[DEBUG][21-11-04][druid.sql.Statement]{conn-10001, pstmt-20000} Parameters : [admin]
[DEBUG][21-11-04][druid.sql.Statement]{conn-10001, pstmt-20000} Types : [VARCHAR]
[DEBUG][21-11-04][druid.sql.Statement]{conn-10001, pstmt-20000} executed. 62.0802 millis. select *
        from myblog.t_user
        where username = ?;
[DEBUG][21-11-04][druid.sql.ResultSet]{conn-10001, pstmt-20000, rs-50000} open
[DEBUG][21-11-04][druid.sql.ResultSet]{conn-10001, pstmt-20000, rs-50000} Header: [id, nickname, username, password, email, avatar, role]
[DEBUG][21-11-04][druid.sql.ResultSet]{conn-10001, pstmt-20000, rs-50000} Result: [2, 管理员-01, admin, 21232f297a57a5a743894a0e4a801fc3, 1289596706@qq.com, D:\home\uploads\MyBlog\2021-11-02\1455459611837464576.jpg, admin]
[DEBUG][21-11-04][druid.sql.ResultSet]{conn-10001, pstmt-20000, rs-50000} closed
[DEBUG][21-11-04][druid.sql.Statement]{conn-10001, pstmt-20000} clearParameters. 
[DEBUG][21-11-04][druid.sql.Connection]{conn-10001} pool-recycle
[DEBUG][21-11-04][druid.sql.Connection]{conn-10001} pool-connect
[DEBUG][21-11-04][druid.sql.Statement]{conn-10001, pstmt-20001} created. select *
        from myblog.t_user
        where role = 'user'
        limit ?,?;
[DEBUG][21-11-04][druid.sql.Statement]{conn-10001, pstmt-20001} Parameters : [0, 10]
[DEBUG][21-11-04][druid.sql.Statement]{conn-10001, pstmt-20001} Types : [INTEGER, INTEGER]
[DEBUG][21-11-04][druid.sql.Statement]{conn-10001, pstmt-20001} executed. 53.7638 millis. select *
        from myblog.t_user
        where role = 'user'
        limit ?,?;
[DEBUG][21-11-04][druid.sql.ResultSet]{conn-10001, pstmt-20001, rs-50001} open
[DEBUG][21-11-04][druid.sql.ResultSet]{conn-10001, pstmt-20001, rs-50001} Header: [id, nickname, username, password, email, avatar, role]
[DEBUG][21-11-04][druid.sql.ResultSet]{conn-10001, pstmt-20001, rs-50001} Result: [3, 用户, user, ee11cbb19052e40b07aac0ca060c23ee, 1289596706@qq.com, D:\home\uploads\MyBlog\2021-11-04\1456238677335212032.jpg, user]
[DEBUG][21-11-04][druid.sql.ResultSet]{conn-10001, pstmt-20001, rs-50001} closed
[DEBUG][21-11-04][druid.sql.Statement]{conn-10001, pstmt-20001} clearParameters. 
[DEBUG][21-11-04][druid.sql.Connection]{conn-10001} pool-recycle
[DEBUG][21-11-04][druid.sql.Connection]{conn-10001} pool-connect
[DEBUG][21-11-04][druid.sql.Statement]{conn-10001, pstmt-20002} created. select *
        from myblog.t_user
        where role = 'admin'
           or role = 'root'
        limit ?,?;
[DEBUG][21-11-04][druid.sql.Statement]{conn-10001, pstmt-20002} Parameters : [0, 10]
[DEBUG][21-11-04][druid.sql.Statement]{conn-10001, pstmt-20002} Types : [INTEGER, INTEGER]
[DEBUG][21-11-04][druid.sql.Statement]{conn-10001, pstmt-20002} executed. 53.6589 millis. select *
        from myblog.t_user
        where role = 'admin'
           or role = 'root'
        limit ?,?;
[DEBUG][21-11-04][druid.sql.ResultSet]{conn-10001, pstmt-20002, rs-50002} open
[DEBUG][21-11-04][druid.sql.ResultSet]{conn-10001, pstmt-20002, rs-50002} Header: [id, nickname, username, password, email, avatar, role]
[DEBUG][21-11-04][druid.sql.ResultSet]{conn-10001, pstmt-20002, rs-50002} Result: [1, 超级管理员, root, 63a9f0ea7bb98050796b649e85481845, 670551262@qq.com, /images/me.jpg, root]
[DEBUG][21-11-04][druid.sql.ResultSet]{conn-10001, pstmt-20002, rs-50002} Result: [2, 管理员-01, admin, 21232f297a57a5a743894a0e4a801fc3, 1289596706@qq.com, D:\home\uploads\MyBlog\2021-11-02\1455459611837464576.jpg, admin]
[DEBUG][21-11-04][druid.sql.ResultSet]{conn-10001, pstmt-20002, rs-50002} closed
[DEBUG][21-11-04][druid.sql.Statement]{conn-10001, pstmt-20002} clearParameters. 
[DEBUG][21-11-04][druid.sql.Connection]{conn-10001} pool-recycle
[DEBUG][21-11-04][druid.sql.Connection]{conn-10001} pool-connect
[DEBUG][21-11-04][druid.sql.Statement]{conn-10001, pstmt-20003} created. select *
        from myblog.t_user
        where id = ?
[DEBUG][21-11-04][druid.sql.Statement]{conn-10001, pstmt-20003} Parameters : [1]
[DEBUG][21-11-04][druid.sql.Statement]{conn-10001, pstmt-20003} Types : [INTEGER]
[DEBUG][21-11-04][druid.sql.Statement]{conn-10001, pstmt-20003} executed. 53.3103 millis. select *
        from myblog.t_user
        where id = ?
[DEBUG][21-11-04][druid.sql.ResultSet]{conn-10001, pstmt-20003, rs-50003} open
[DEBUG][21-11-04][druid.sql.ResultSet]{conn-10001, pstmt-20003, rs-50003} Header: [id, nickname, username, password, email, avatar, role]
[DEBUG][21-11-04][druid.sql.ResultSet]{conn-10001, pstmt-20003, rs-50003} Result: [1, 超级管理员, root, 63a9f0ea7bb98050796b649e85481845, 670551262@qq.com, /images/me.jpg, root]
[DEBUG][21-11-04][druid.sql.ResultSet]{conn-10001, pstmt-20003, rs-50003} closed
[DEBUG][21-11-04][druid.sql.Statement]{conn-10001, pstmt-20003} clearParameters. 
[DEBUG][21-11-04][druid.sql.Connection]{conn-10001} pool-recycle
[DEBUG][21-11-04][druid.sql.Connection]{conn-10001} pool-connect
[DEBUG][21-11-04][druid.sql.Statement]{conn-10001, pstmt-20003} Parameters : [1]
[DEBUG][21-11-04][druid.sql.Statement]{conn-10001, pstmt-20003} Types : [INTEGER]
[DEBUG][21-11-04][druid.sql.Statement]{conn-10001, pstmt-20003} executed. 55.9446 millis. select *
        from myblog.t_user
        where id = ?
[DEBUG][21-11-04][druid.sql.ResultSet]{conn-10001, pstmt-20003, rs-50004} open
[DEBUG][21-11-04][druid.sql.ResultSet]{conn-10001, pstmt-20003, rs-50004} Header: [id, nickname, username, password, email, avatar, role]
[DEBUG][21-11-04][druid.sql.ResultSet]{conn-10001, pstmt-20003, rs-50004} Result: [1, 超级管理员, root, 63a9f0ea7bb98050796b649e85481845, 670551262@qq.com, /images/me.jpg, root]
[DEBUG][21-11-04][druid.sql.ResultSet]{conn-10001, pstmt-20003, rs-50004} closed
[DEBUG][21-11-04][druid.sql.Statement]{conn-10001, pstmt-20003} clearParameters. 
[DEBUG][21-11-04][druid.sql.Connection]{conn-10001} pool-recycle
[DEBUG][21-11-04][druid.sql.Connection]{conn-10001} pool-connect
[DEBUG][21-11-04][druid.sql.Statement]{conn-10001, pstmt-20004} created. select *
        from myblog.t_user
        where username = ?
            and role = 'admin'
           or role = 'root'
        limit ?,?;
[DEBUG][21-11-04][druid.sql.Statement]{conn-10001, pstmt-20004} Parameters : [root, 0, 10]
[DEBUG][21-11-04][druid.sql.Statement]{conn-10001, pstmt-20004} Types : [VARCHAR, INTEGER, INTEGER]
[DEBUG][21-11-04][druid.sql.Statement]{conn-10001, pstmt-20004} executed. 54.5795 millis. select *
        from myblog.t_user
        where username = ?
            and role = 'admin'
           or role = 'root'
        limit ?,?;
[DEBUG][21-11-04][druid.sql.ResultSet]{conn-10001, pstmt-20004, rs-50005} open
[DEBUG][21-11-04][druid.sql.ResultSet]{conn-10001, pstmt-20004, rs-50005} Header: [id, nickname, username, password, email, avatar, role]
[DEBUG][21-11-04][druid.sql.ResultSet]{conn-10001, pstmt-20004, rs-50005} Result: [1, 超级管理员, root, 63a9f0ea7bb98050796b649e85481845, 670551262@qq.com, /images/me.jpg, root]
[DEBUG][21-11-04][druid.sql.ResultSet]{conn-10001, pstmt-20004, rs-50005} closed
[DEBUG][21-11-04][druid.sql.Statement]{conn-10001, pstmt-20004} clearParameters. 
[DEBUG][21-11-04][druid.sql.Connection]{conn-10001} pool-recycle
[DEBUG][21-11-04][druid.sql.Connection]{conn-10001} pool-connect
[DEBUG][21-11-04][druid.sql.Statement]{conn-10001, pstmt-20004} Parameters : [root, 0, 10]
[DEBUG][21-11-04][druid.sql.Statement]{conn-10001, pstmt-20004} Types : [VARCHAR, INTEGER, INTEGER]
[DEBUG][21-11-04][druid.sql.Statement]{conn-10001, pstmt-20004} executed. 53.0611 millis. select *
        from myblog.t_user
        where username = ?
            and role = 'admin'
           or role = 'root'
        limit ?,?;
[DEBUG][21-11-04][druid.sql.ResultSet]{conn-10001, pstmt-20004, rs-50006} open
[DEBUG][21-11-04][druid.sql.ResultSet]{conn-10001, pstmt-20004, rs-50006} Header: [id, nickname, username, password, email, avatar, role]
[DEBUG][21-11-04][druid.sql.ResultSet]{conn-10001, pstmt-20004, rs-50006} Result: [1, 超级管理员, root, 63a9f0ea7bb98050796b649e85481845, 670551262@qq.com, /images/me.jpg, root]
[DEBUG][21-11-04][druid.sql.ResultSet]{conn-10001, pstmt-20004, rs-50006} closed
[DEBUG][21-11-04][druid.sql.Statement]{conn-10001, pstmt-20004} clearParameters. 
[DEBUG][21-11-04][druid.sql.Connection]{conn-10001} pool-recycle
[DEBUG][21-11-04][druid.sql.Connection]{conn-10001} pool-connect
[DEBUG][21-11-04][druid.sql.Statement]{conn-10001, pstmt-20002} Parameters : [0, 10]
[DEBUG][21-11-04][druid.sql.Statement]{conn-10001, pstmt-20002} Types : [INTEGER, INTEGER]
[DEBUG][21-11-04][druid.sql.Statement]{conn-10001, pstmt-20002} executed. 54.0261 millis. select *
        from myblog.t_user
        where role = 'admin'
           or role = 'root'
        limit ?,?;
[DEBUG][21-11-04][druid.sql.ResultSet]{conn-10001, pstmt-20002, rs-50007} open
[DEBUG][21-11-04][druid.sql.ResultSet]{conn-10001, pstmt-20002, rs-50007} Header: [id, nickname, username, password, email, avatar, role]
[DEBUG][21-11-04][druid.sql.ResultSet]{conn-10001, pstmt-20002, rs-50007} Result: [1, 超级管理员, root, 63a9f0ea7bb98050796b649e85481845, 670551262@qq.com, /images/me.jpg, root]
[DEBUG][21-11-04][druid.sql.ResultSet]{conn-10001, pstmt-20002, rs-50007} Result: [2, 管理员-01, admin, 21232f297a57a5a743894a0e4a801fc3, 1289596706@qq.com, D:\home\uploads\MyBlog\2021-11-02\1455459611837464576.jpg, admin]
[DEBUG][21-11-04][druid.sql.ResultSet]{conn-10001, pstmt-20002, rs-50007} closed
[DEBUG][21-11-04][druid.sql.Statement]{conn-10001, pstmt-20002} clearParameters. 
[DEBUG][21-11-04][druid.sql.Connection]{conn-10001} pool-recycle
[DEBUG][21-11-04][druid.sql.Connection]{conn-10001} pool-connect
[DEBUG][21-11-04][druid.sql.Statement]{conn-10001, pstmt-20002} Parameters : [0, 10]
[DEBUG][21-11-04][druid.sql.Statement]{conn-10001, pstmt-20002} Types : [INTEGER, INTEGER]
[DEBUG][21-11-04][druid.sql.Statement]{conn-10001, pstmt-20002} executed. 53.3076 millis. select *
        from myblog.t_user
        where role = 'admin'
           or role = 'root'
        limit ?,?;
[DEBUG][21-11-04][druid.sql.ResultSet]{conn-10001, pstmt-20002, rs-50008} open
[DEBUG][21-11-04][druid.sql.ResultSet]{conn-10001, pstmt-20002, rs-50008} Header: [id, nickname, username, password, email, avatar, role]
[DEBUG][21-11-04][druid.sql.ResultSet]{conn-10001, pstmt-20002, rs-50008} Result: [1, 超级管理员, root, 63a9f0ea7bb98050796b649e85481845, 670551262@qq.com, /images/me.jpg, root]
[DEBUG][21-11-04][druid.sql.ResultSet]{conn-10001, pstmt-20002, rs-50008} Result: [2, 管理员-01, admin, 21232f297a57a5a743894a0e4a801fc3, 1289596706@qq.com, D:\home\uploads\MyBlog\2021-11-02\1455459611837464576.jpg, admin]
[DEBUG][21-11-04][druid.sql.ResultSet]{conn-10001, pstmt-20002, rs-50008} closed
[DEBUG][21-11-04][druid.sql.Statement]{conn-10001, pstmt-20002} clearParameters. 
[DEBUG][21-11-04][druid.sql.Connection]{conn-10001} pool-recycle
[DEBUG][21-11-04][druid.sql.Connection]{conn-10001} pool-connect
[DEBUG][21-11-04][druid.sql.Statement]{conn-10001, pstmt-20002} Parameters : [0, 10]
[DEBUG][21-11-04][druid.sql.Statement]{conn-10001, pstmt-20002} Types : [INTEGER, INTEGER]
[DEBUG][21-11-04][druid.sql.Statement]{conn-10001, pstmt-20002} executed. 55.7008 millis. select *
        from myblog.t_user
        where role = 'admin'
           or role = 'root'
        limit ?,?;
[DEBUG][21-11-04][druid.sql.ResultSet]{conn-10001, pstmt-20002, rs-50009} open
[DEBUG][21-11-04][druid.sql.ResultSet]{conn-10001, pstmt-20002, rs-50009} Header: [id, nickname, username, password, email, avatar, role]
[DEBUG][21-11-04][druid.sql.ResultSet]{conn-10001, pstmt-20002, rs-50009} Result: [1, 超级管理员, root, 63a9f0ea7bb98050796b649e85481845, 670551262@qq.com, /images/me.jpg, root]
[DEBUG][21-11-04][druid.sql.ResultSet]{conn-10001, pstmt-20002, rs-50009} Result: [2, 管理员-01, admin, 21232f297a57a5a743894a0e4a801fc3, 1289596706@qq.com, D:\home\uploads\MyBlog\2021-11-02\1455459611837464576.jpg, admin]
[DEBUG][21-11-04][druid.sql.ResultSet]{conn-10001, pstmt-20002, rs-50009} closed
[DEBUG][21-11-04][druid.sql.Statement]{conn-10001, pstmt-20002} clearParameters. 
[DEBUG][21-11-04][druid.sql.Connection]{conn-10001} pool-recycle
[DEBUG][21-11-04][druid.sql.Connection]{conn-10001} pool-connect
[DEBUG][21-11-04][druid.sql.Statement]{conn-10001, pstmt-20001} Parameters : [0, 10]
[DEBUG][21-11-04][druid.sql.Statement]{conn-10001, pstmt-20001} Types : [INTEGER, INTEGER]
[DEBUG][21-11-04][druid.sql.Statement]{conn-10001, pstmt-20001} executed. 55.6202 millis. select *
        from myblog.t_user
        where role = 'user'
        limit ?,?;
[DEBUG][21-11-04][druid.sql.ResultSet]{conn-10001, pstmt-20001, rs-50010} open
[DEBUG][21-11-04][druid.sql.ResultSet]{conn-10001, pstmt-20001, rs-50010} Header: [id, nickname, username, password, email, avatar, role]
[DEBUG][21-11-04][druid.sql.ResultSet]{conn-10001, pstmt-20001, rs-50010} Result: [3, 用户, user, ee11cbb19052e40b07aac0ca060c23ee, 1289596706@qq.com, D:\home\uploads\MyBlog\2021-11-04\1456238677335212032.jpg, user]
[DEBUG][21-11-04][druid.sql.ResultSet]{conn-10001, pstmt-20001, rs-50010} closed
[DEBUG][21-11-04][druid.sql.Statement]{conn-10001, pstmt-20001} clearParameters. 
[DEBUG][21-11-04][druid.sql.Connection]{conn-10001} pool-recycle
[DEBUG][21-11-04][druid.sql.Connection]{conn-10001} pool-connect
[DEBUG][21-11-04][druid.sql.Statement]{conn-10001, pstmt-20002} Parameters : [0, 10]
[DEBUG][21-11-04][druid.sql.Statement]{conn-10001, pstmt-20002} Types : [INTEGER, INTEGER]
[DEBUG][21-11-04][druid.sql.Statement]{conn-10001, pstmt-20002} executed. 55.3693 millis. select *
        from myblog.t_user
        where role = 'admin'
           or role = 'root'
        limit ?,?;
[DEBUG][21-11-04][druid.sql.ResultSet]{conn-10001, pstmt-20002, rs-50011} open
[DEBUG][21-11-04][druid.sql.ResultSet]{conn-10001, pstmt-20002, rs-50011} Header: [id, nickname, username, password, email, avatar, role]
[DEBUG][21-11-04][druid.sql.ResultSet]{conn-10001, pstmt-20002, rs-50011} Result: [1, 超级管理员, root, 63a9f0ea7bb98050796b649e85481845, 670551262@qq.com, /images/me.jpg, root]
[DEBUG][21-11-04][druid.sql.ResultSet]{conn-10001, pstmt-20002, rs-50011} Result: [2, 管理员-01, admin, 21232f297a57a5a743894a0e4a801fc3, 1289596706@qq.com, D:\home\uploads\MyBlog\2021-11-02\1455459611837464576.jpg, admin]
[DEBUG][21-11-04][druid.sql.ResultSet]{conn-10001, pstmt-20002, rs-50011} closed
[DEBUG][21-11-04][druid.sql.Statement]{conn-10001, pstmt-20002} clearParameters. 
[DEBUG][21-11-04][druid.sql.Connection]{conn-10001} pool-recycle
[DEBUG][21-11-04][druid.sql.Connection]{conn-10001} pool-connect
[DEBUG][21-11-04][druid.sql.Statement]{conn-10001, pstmt-20001} Parameters : [0, 10]
[DEBUG][21-11-04][druid.sql.Statement]{conn-10001, pstmt-20001} Types : [INTEGER, INTEGER]
[DEBUG][21-11-04][druid.sql.Statement]{conn-10001, pstmt-20001} executed. 52.9473 millis. select *
        from myblog.t_user
        where role = 'user'
        limit ?,?;
[DEBUG][21-11-04][druid.sql.ResultSet]{conn-10001, pstmt-20001, rs-50012} open
[DEBUG][21-11-04][druid.sql.ResultSet]{conn-10001, pstmt-20001, rs-50012} Header: [id, nickname, username, password, email, avatar, role]
[DEBUG][21-11-04][druid.sql.ResultSet]{conn-10001, pstmt-20001, rs-50012} Result: [3, 用户, user, ee11cbb19052e40b07aac0ca060c23ee, 1289596706@qq.com, D:\home\uploads\MyBlog\2021-11-04\1456238677335212032.jpg, user]
[DEBUG][21-11-04][druid.sql.ResultSet]{conn-10001, pstmt-20001, rs-50012} closed
[DEBUG][21-11-04][druid.sql.Statement]{conn-10001, pstmt-20001} clearParameters. 
[DEBUG][21-11-04][druid.sql.Connection]{conn-10001} pool-recycle
[DEBUG][21-11-04][druid.sql.Connection]{conn-10001} pool-connect
[DEBUG][21-11-04][druid.sql.Statement]{conn-10001, pstmt-20002} Parameters : [0, 10]
[DEBUG][21-11-04][druid.sql.Statement]{conn-10001, pstmt-20002} Types : [INTEGER, INTEGER]
[DEBUG][21-11-04][druid.sql.Statement]{conn-10001, pstmt-20002} executed. 56.5288 millis. select *
        from myblog.t_user
        where role = 'admin'
           or role = 'root'
        limit ?,?;
[DEBUG][21-11-04][druid.sql.ResultSet]{conn-10001, pstmt-20002, rs-50013} open
[DEBUG][21-11-04][druid.sql.ResultSet]{conn-10001, pstmt-20002, rs-50013} Header: [id, nickname, username, password, email, avatar, role]
[DEBUG][21-11-04][druid.sql.ResultSet]{conn-10001, pstmt-20002, rs-50013} Result: [1, 超级管理员, root, 63a9f0ea7bb98050796b649e85481845, 670551262@qq.com, /images/me.jpg, root]
[DEBUG][21-11-04][druid.sql.ResultSet]{conn-10001, pstmt-20002, rs-50013} Result: [2, 管理员-01, admin, 21232f297a57a5a743894a0e4a801fc3, 1289596706@qq.com, D:\home\uploads\MyBlog\2021-11-02\1455459611837464576.jpg, admin]
[DEBUG][21-11-04][druid.sql.ResultSet]{conn-10001, pstmt-20002, rs-50013} closed
[DEBUG][21-11-04][druid.sql.Statement]{conn-10001, pstmt-20002} clearParameters. 
[DEBUG][21-11-04][druid.sql.Connection]{conn-10001} pool-recycle
